erhuo/build/outputs/logs/manifest-merger-debug-report.txt
-- Merging decision tree log ---
manifest
ADDED from Desktop\erhuo\AndroidManifest.xml:2:1-226:12
	xmlns:android
		ADDED from Desktop\erhuo\AndroidManifest.xml:2:11-69
	package
		ADDED from Desktop\erhuo\AndroidManifest.xml:3:5-32
	android:versionName
		ADDED from Desktop\erhuo\AndroidManifest.xml:5:5-30
		INJECTED from Desktop\erhuo\AndroidManifest.xml
		INJECTED from Desktop\erhuo\AndroidManifest.xml
	android:versionCode
		ADDED from Desktop\erhuo\AndroidManifest.xml:4:5-28
		INJECTED from Desktop\erhuo\AndroidManifest.xml
		INJECTED from Desktop\erhuo\AndroidManifest.xml
uses-sdk
ADDED from Desktop\erhuo\AndroidManifest.xml:7:5-9:41
MERGED from [com.android.support:appcompat-v7:23.3.0] AndroidManifest.xml:21:5-23:78
MERGED from [com.android.support:support-vector-drawable:23.3.0] AndroidManifest.xml:5:5-43
MERGED from [com.android.support:support-v4:23.3.0] AndroidManifest.xml:20:5-43
MERGED from [com.android.support:animated-vector-drawable:23.3.0] AndroidManifest.xml:5:5-44
MERGED from [com.android.support:support-vector-drawable:23.3.0] AndroidManifest.xml:5:5-43
MERGED from [com.android.support:support-v4:23.3.0] AndroidManifest.xml:20:5-43
MERGED from [com.android.support:support-v4:23.3.0] AndroidManifest.xml:20:5-43
MERGED from [com.android.support:design:23.3.0] AndroidManifest.xml:20:5-43
MERGED from [com.android.support:appcompat-v7:23.3.0] AndroidManifest.xml:21:5-23:78
MERGED from [com.android.support:support-vector-drawable:23.3.0] AndroidManifest.xml:5:5-43
MERGED from [com.android.support:support-v4:23.3.0] AndroidManifest.xml:20:5-43
MERGED from [com.android.support:animated-vector-drawable:23.3.0] AndroidManifest.xml:5:5-44
MERGED from [com.android.support:support-vector-drawable:23.3.0] AndroidManifest.xml:5:5-43
MERGED from [com.android.support:support-v4:23.3.0] AndroidManifest.xml:20:5-43
MERGED from [com.android.support:support-v4:23.3.0] AndroidManifest.xml:20:5-43
MERGED from [com.android.support:support-v4:23.3.0] AndroidManifest.xml:20:5-43
MERGED from [com.android.support:recyclerview-v7:23.3.0] AndroidManifest.xml:20:5-43
MERGED from [com.android.support:support-v4:23.3.0] AndroidManifest.xml:20:5-43
	android:targetSdkVersion
		ADDED from Desktop\erhuo\AndroidManifest.xml:9:9-38
	android:minSdkVersion
		ADDED from Desktop\erhuo\AndroidManifest.xml:8:9-35
	tools:overrideLibrary
		ADDED from [com.android.support:appcompat-v7:23.3.0] AndroidManifest.xml:23:9-75
uses-permission#android.permission.WRITE_EXTERNAL_STORAGE
ADDED from Desktop\erhuo\AndroidManifest.xml:11:5-81
MERGED from [erhuo:IMKit:unspecified] AndroidManifest.xml:17:5-81
	android:name
		ADDED from Desktop\erhuo\AndroidManifest.xml:11:22-78
uses-permission#android.permission.INTERNET
ADDED from Desktop\erhuo\AndroidManifest.xml:12:5-67
MERGED from [erhuo:IMKit:unspecified] AndroidManifest.xml:18:5-67
	android:name
		ADDED from Desktop\erhuo\AndroidManifest.xml:12:22-64
uses-permission#android.permission.ACCESS_COARSE_LOCATION
ADDED from Desktop\erhuo\AndroidManifest.xml:13:5-81
MERGED from [erhuo:IMKit:unspecified] AndroidManifest.xml:7:5-81
	android:name
		ADDED from Desktop\erhuo\AndroidManifest.xml:13:22-78
uses-permission#android.permission.READ_PHONE_STATE
ADDED from Desktop\erhuo\AndroidManifest.xml:15:5-75
MERGED from [erhuo:IMKit:unspecified] AndroidManifest.xml:9:5-75
	android:name
		ADDED from Desktop\erhuo\AndroidManifest.xml:15:22-72
uses-permission#android.permission.GET_TASKS
ADDED from Desktop\erhuo\AndroidManifest.xml:17:5-68
MERGED from [erhuo:IMKit:unspecified] AndroidManifest.xml:20:5-68
	android:name
		ADDED from Desktop\erhuo\AndroidManifest.xml:17:22-65
uses-permission#android.permission.INTERACT_ACROSS_USERS_FULL
ADDED from Desktop\erhuo\AndroidManifest.xml:18:5-85
	android:name
		ADDED from Desktop\erhuo\AndroidManifest.xml:18:22-82
uses-permission#android.permission.ACCESS_WIFI_STATE
ADDED from Desktop\erhuo\AndroidManifest.xml:21:5-76
MERGED from [erhuo:IMKit:unspecified] AndroidManifest.xml:19:5-76
	android:name
		ADDED from Desktop\erhuo\AndroidManifest.xml:21:22-73
uses-permission#android.permission.ACCESS_NETWORK_STATE
ADDED from Desktop\erhuo\AndroidManifest.xml:23:5-79
MERGED from [erhuo:IMKit:unspecified] AndroidManifest.xml:6:5-79
	android:name
		ADDED from Desktop\erhuo\AndroidManifest.xml:23:22-76
uses-permission#android.permission.CAMERA
ADDED from Desktop\erhuo\AndroidManifest.xml:24:5-65
MERGED from [erhuo:IMKit:unspecified] AndroidManifest.xml:12:5-65
	android:name
		ADDED from Desktop\erhuo\AndroidManifest.xml:24:22-62
uses-permission#android.permission.RECORD_AUDIO
ADDED from Desktop\erhuo\AndroidManifest.xml:26:5-71
MERGED from [erhuo:IMKit:unspecified] AndroidManifest.xml:11:5-71
	android:name
		ADDED from Desktop\erhuo\AndroidManifest.xml:26:22-68
uses-permission#android.permission.VIBRATE
ADDED from Desktop\erhuo\AndroidManifest.xml:28:5-66
MERGED from [erhuo:IMKit:unspecified] AndroidManifest.xml:15:5-66
	android:name
		ADDED from Desktop\erhuo\AndroidManifest.xml:28:22-63
uses-permission#android.permission.WAKE_LOCK
ADDED from Desktop\erhuo\AndroidManifest.xml:30:5-68
MERGED from [erhuo:IMKit:unspecified] AndroidManifest.xml:21:5-68
	android:name
		ADDED from Desktop\erhuo\AndroidManifest.xml:30:22-65
uses-permission#android.permission.WRITE_SETTINGS
ADDED from Desktop\erhuo\AndroidManifest.xml:32:5-73
MERGED from [erhuo:IMKit:unspecified] AndroidManifest.xml:13:5-73
	android:name
		ADDED from Desktop\erhuo\AndroidManifest.xml:32:22-70
uses-permission#android.permission.MODIFY_AUDIO_SETTINGS
ADDED from Desktop\erhuo\AndroidManifest.xml:33:5-80
MERGED from [erhuo:IMKit:unspecified] AndroidManifest.xml:14:5-80
	android:name
		ADDED from Desktop\erhuo\AndroidManifest.xml:33:22-77
uses-permission#android.permission.KILL_BACKGROUND_PROCESSES
ADDED from Desktop\erhuo\AndroidManifest.xml:34:5-84
	android:name
		ADDED from Desktop\erhuo\AndroidManifest.xml:34:22-81
uses-permission#android.permission.READ_CONTACTS
ADDED from Desktop\erhuo\AndroidManifest.xml:36:5-72
	android:name
		ADDED from Desktop\erhuo\AndroidManifest.xml:36:22-69
uses-permission#android.permission.ACCESS_FINE_LOCATION
ADDED from Desktop\erhuo\AndroidManifest.xml:37:5-79
MERGED from [erhuo:IMKit:unspecified] AndroidManifest.xml:16:5-79
	android:name
		ADDED from Desktop\erhuo\AndroidManifest.xml:37:22-76
uses-permission#android.permission.RECEIVE_BOOT_COMPLETED
ADDED from Desktop\erhuo\AndroidManifest.xml:38:5-81
MERGED from [erhuo:IMKit:unspecified] AndroidManifest.xml:22:5-81
	android:name
		ADDED from Desktop\erhuo\AndroidManifest.xml:38:22-78
application
ADDED from Desktop\erhuo\AndroidManifest.xml:40:5-224:19
MERGED from [erhuo:IMKit:unspecified] AndroidManifest.xml:41:5-103:19
MERGED from [com.android.support:appcompat-v7:23.3.0] AndroidManifest.xml:25:5-20
MERGED from [com.android.support:support-vector-drawable:23.3.0] AndroidManifest.xml:7:5-20
MERGED from [com.android.support:support-v4:23.3.0] AndroidManifest.xml:22:5-20
MERGED from [com.android.support:animated-vector-drawable:23.3.0] AndroidManifest.xml:7:5-20
MERGED from [com.android.support:support-vector-drawable:23.3.0] AndroidManifest.xml:7:5-20
MERGED from [com.android.support:support-v4:23.3.0] AndroidManifest.xml:22:5-20
MERGED from [com.android.support:support-v4:23.3.0] AndroidManifest.xml:22:5-20
MERGED from [com.android.support:design:23.3.0] AndroidManifest.xml:22:5-20
MERGED from [com.android.support:appcompat-v7:23.3.0] AndroidManifest.xml:25:5-20
MERGED from [com.android.support:support-vector-drawable:23.3.0] AndroidManifest.xml:7:5-20
MERGED from [com.android.support:support-v4:23.3.0] AndroidManifest.xml:22:5-20
MERGED from [com.android.support:animated-vector-drawable:23.3.0] AndroidManifest.xml:7:5-20
MERGED from [com.android.support:support-vector-drawable:23.3.0] AndroidManifest.xml:7:5-20
MERGED from [com.android.support:support-v4:23.3.0] AndroidManifest.xml:22:5-20
MERGED from [com.android.support:support-v4:23.3.0] AndroidManifest.xml:22:5-20
MERGED from [com.android.support:support-v4:23.3.0] AndroidManifest.xml:22:5-20
MERGED from [com.android.support:support-v4:23.3.0] AndroidManifest.xml:22:5-20
	android:label
		ADDED from Desktop\erhuo\AndroidManifest.xml:44:9-41
	android:allowBackup
		ADDED from Desktop\erhuo\AndroidManifest.xml:42:9-35
	android:icon
		ADDED from Desktop\erhuo\AndroidManifest.xml:43:9-38
	android:theme
		ADDED from Desktop\erhuo\AndroidManifest.xml:45:9-40
	android:name
		ADDED from Desktop\erhuo\AndroidManifest.xml:41:9-28
activity#com.example.erhuo.Register
ADDED from Desktop\erhuo\AndroidManifest.xml:46:9-49:20
	android:label
		ADDED from Desktop\erhuo\AndroidManifest.xml:48:13-45
	android:name
		ADDED from Desktop\erhuo\AndroidManifest.xml:47:13-37
activity#com.example.erhuo.Login
ADDED from Desktop\erhuo\AndroidManifest.xml:51:9-59:14
	android:label
		ADDED from Desktop\erhuo\AndroidManifest.xml:53:4-36
	android:name
		ADDED from Desktop\erhuo\AndroidManifest.xml:52:4-25
intent-filter#android.intent.action.MAIN+android.intent.category.LAUNCHER
ADDED from Desktop\erhuo\AndroidManifest.xml:54:4-58:29
action#android.intent.action.MAIN
ADDED from Desktop\erhuo\AndroidManifest.xml:55:17-69
	android:name
		ADDED from Desktop\erhuo\AndroidManifest.xml:55:25-66
category#android.intent.category.LAUNCHER
ADDED from Desktop\erhuo\AndroidManifest.xml:57:17-77
	android:name
		ADDED from Desktop\erhuo\AndroidManifest.xml:57:27-74
activity#com.example.erhuo.MainPage
ADDED from Desktop\erhuo\AndroidManifest.xml:60:3-65:14
	android:label
		ADDED from Desktop\erhuo\AndroidManifest.xml:62:4-36
	android:name
		ADDED from Desktop\erhuo\AndroidManifest.xml:61:4-28
meta-data#android.app.default_searchable
ADDED from Desktop\erhuo\AndroidManifest.xml:63:13-64:47
	android:name
		ADDED from Desktop\erhuo\AndroidManifest.xml:63:24-69
	android:value
		ADDED from Desktop\erhuo\AndroidManifest.xml:64:17-44
activity#com.example.erhuo.TypePage
ADDED from Desktop\erhuo\AndroidManifest.xml:66:3-69:14
	android:label
		ADDED from Desktop\erhuo\AndroidManifest.xml:68:4-36
	android:name
		ADDED from Desktop\erhuo\AndroidManifest.xml:67:4-28
activity#com.example.erhuo.OrderDetails
ADDED from Desktop\erhuo\AndroidManifest.xml:70:9-73:14
	android:label
		ADDED from Desktop\erhuo\AndroidManifest.xml:72:4-36
	android:name
		ADDED from Desktop\erhuo\AndroidManifest.xml:71:4-32
activity#com.example.erhuo.ResultPage
ADDED from Desktop\erhuo\AndroidManifest.xml:74:3-80:20
	android:name
		ADDED from Desktop\erhuo\AndroidManifest.xml:74:13-39
intent-filter#android.intent.action.SEARCH
ADDED from Desktop\erhuo\AndroidManifest.xml:75:13-77:29
action#android.intent.action.SEARCH
ADDED from Desktop\erhuo\AndroidManifest.xml:76:17-71
	android:name
		ADDED from Desktop\erhuo\AndroidManifest.xml:76:25-68
meta-data#android.app.searchable
ADDED from Desktop\erhuo\AndroidManifest.xml:78:13-79:53
	android:resource
		ADDED from Desktop\erhuo\AndroidManifest.xml:79:17-51
	android:name
		ADDED from Desktop\erhuo\AndroidManifest.xml:78:24-61
activity#com.example.erhuo.PersonalDelivered
ADDED from Desktop\erhuo\AndroidManifest.xml:81:3-84:14
	android:label
		ADDED from Desktop\erhuo\AndroidManifest.xml:83:4-36
	android:name
		ADDED from Desktop\erhuo\AndroidManifest.xml:82:4-37
activity#com.example.erhuo.PersonalInfo
ADDED from Desktop\erhuo\AndroidManifest.xml:85:9-88:20
	android:label
		ADDED from Desktop\erhuo\AndroidManifest.xml:87:13-45
	android:name
		ADDED from Desktop\erhuo\AndroidManifest.xml:86:13-41
activity#com.example.erhuo.ManageInfo
ADDED from Desktop\erhuo\AndroidManifest.xml:89:9-92:20
	android:label
		ADDED from Desktop\erhuo\AndroidManifest.xml:91:13-45
	android:name
		ADDED from Desktop\erhuo\AndroidManifest.xml:90:13-39
activity#com.example.erhuo.PersonalFavored
ADDED from Desktop\erhuo\AndroidManifest.xml:93:3-96:14
	android:label
		ADDED from Desktop\erhuo\AndroidManifest.xml:95:4-36
	android:name
		ADDED from Desktop\erhuo\AndroidManifest.xml:94:4-35
activity#com.example.erhuo.PersonalOrder
ADDED from Desktop\erhuo\AndroidManifest.xml:97:3-100:14
	android:label
		ADDED from Desktop\erhuo\AndroidManifest.xml:99:4-36
	android:name
		ADDED from Desktop\erhuo\AndroidManifest.xml:98:4-33
activity#com.example.erhuo.ItemPage
ADDED from Desktop\erhuo\AndroidManifest.xml:101:3-104:14
	android:label
		ADDED from Desktop\erhuo\AndroidManifest.xml:103:4-35
	android:name
		ADDED from Desktop\erhuo\AndroidManifest.xml:102:4-28
activity#com.example.erhuo.DeliverItem
ADDED from Desktop\erhuo\AndroidManifest.xml:105:3-108:14
	android:label
		ADDED from Desktop\erhuo\AndroidManifest.xml:107:4-35
	android:name
		ADDED from Desktop\erhuo\AndroidManifest.xml:106:4-31
activity#com.example.erhuo.OrderPage
ADDED from Desktop\erhuo\AndroidManifest.xml:109:3-112:14
	android:label
		ADDED from Desktop\erhuo\AndroidManifest.xml:111:4-35
	android:name
		ADDED from Desktop\erhuo\AndroidManifest.xml:110:4-29
activity#com.example.erhuo.ConverHome
ADDED from Desktop\erhuo\AndroidManifest.xml:113:3-117:20
	android:name
		ADDED from Desktop\erhuo\AndroidManifest.xml:113:13-39
intent-filter#android.intent.action.VIEW
ADDED from Desktop\erhuo\AndroidManifest.xml:114:13-116:29
action#android.intent.action.VIEW
ADDED from Desktop\erhuo\AndroidManifest.xml:115:17-68
	android:name
		ADDED from Desktop\erhuo\AndroidManifest.xml:115:25-66
activity#com.example.erhuo.ConversationListActivity
ADDED from Desktop\erhuo\AndroidManifest.xml:118:3-133:20
	android:windowSoftInputMode
		ADDED from Desktop\erhuo\AndroidManifest.xml:121:13-67
	android:screenOrientation
		ADDED from Desktop\erhuo\AndroidManifest.xml:120:13-49
	android:name
		ADDED from Desktop\erhuo\AndroidManifest.xml:119:13-53
intent-filter#android.intent.action.VIEW+android.intent.category.DEFAULT
ADDED from Desktop\erhuo\AndroidManifest.xml:123:13-132:29
category#android.intent.category.DEFAULT
ADDED from Desktop\erhuo\AndroidManifest.xml:126:17-76
	android:name
		ADDED from Desktop\erhuo\AndroidManifest.xml:126:27-73
data
ADDED from Desktop\erhuo\AndroidManifest.xml:128:17-131:45
	android:host
		ADDED from Desktop\erhuo\AndroidManifest.xml:129:21-53
	android:pathPrefix
		ADDED from Desktop\erhuo\AndroidManifest.xml:130:21-59
	android:scheme
		ADDED from Desktop\erhuo\AndroidManifest.xml:131:21-42
activity#com.example.erhuo.ConversationActivity
ADDED from Desktop\erhuo\AndroidManifest.xml:135:9-148:20
	android:windowSoftInputMode
		ADDED from Desktop\erhuo\AndroidManifest.xml:137:19-73
	android:screenOrientation
		ADDED from Desktop\erhuo\AndroidManifest.xml:136:19-55
	android:name
		ADDED from Desktop\erhuo\AndroidManifest.xml:135:19-55
meta-data#RONG_CLOUD_APP_KEY
ADDED from Desktop\erhuo\AndroidManifest.xml:150:9-152:44
MERGED from [erhuo:IMKit:unspecified] AndroidManifest.xml:67:9-69:45
	android:name
		ADDED from Desktop\erhuo\AndroidManifest.xml:151:13-46
	android:value
		ADDED from Desktop\erhuo\AndroidManifest.xml:152:13-42
activity#com.example.erhuo.activity.PictureSelectorActivity
ADDED from Desktop\erhuo\AndroidManifest.xml:155:9-157:52
	android:screenOrientation
		ADDED from Desktop\erhuo\AndroidManifest.xml:157:13-49
	android:name
		ADDED from Desktop\erhuo\AndroidManifest.xml:156:13-61
activity#com.example.erhuo.activity.PicturePreviewActivity
ADDED from Desktop\erhuo\AndroidManifest.xml:159:9-161:52
	android:screenOrientation
		ADDED from Desktop\erhuo\AndroidManifest.xml:161:13-49
	android:name
		ADDED from Desktop\erhuo\AndroidManifest.xml:160:13-60
activity#com.example.erhuo.tools.RongWebviewActivity
ADDED from Desktop\erhuo\AndroidManifest.xml:163:9-165:52
	android:screenOrientation
		ADDED from Desktop\erhuo\AndroidManifest.xml:165:13-49
	android:name
		ADDED from Desktop\erhuo\AndroidManifest.xml:164:13-54
activity#com.example.erhuo.widget.provider.TakingPicturesActivity
ADDED from Desktop\erhuo\AndroidManifest.xml:167:9-170:51
	android:screenOrientation
		ADDED from Desktop\erhuo\AndroidManifest.xml:170:13-49
	android:configChanges
		ADDED from Desktop\erhuo\AndroidManifest.xml:169:13-63
	android:name
		ADDED from Desktop\erhuo\AndroidManifest.xml:168:13-67
service#io.rong.imlib.ipc.RongService
ADDED from Desktop\erhuo\AndroidManifest.xml:171:4-175:19
MERGED from [erhuo:IMKit:unspecified] AndroidManifest.xml:56:9-59:38
	android:process
		ADDED from Desktop\erhuo\AndroidManifest.xml:172:13-35
	android:exported
		ADDED from Desktop\erhuo\AndroidManifest.xml:173:13-36
	android:name
		ADDED from Desktop\erhuo\AndroidManifest.xml:174:13-57
service#io.rong.imlib.ReConnectService
ADDED from Desktop\erhuo\AndroidManifest.xml:177:9-65
MERGED from [erhuo:IMKit:unspecified] AndroidManifest.xml:60:9-66
	android:name
		ADDED from Desktop\erhuo\AndroidManifest.xml:177:18-63
receiver#io.rong.imlib.ConnectChangeReceiver
ADDED from Desktop\erhuo\AndroidManifest.xml:178:9-71
MERGED from [erhuo:IMKit:unspecified] AndroidManifest.xml:62:9-72
	android:name
		ADDED from Desktop\erhuo\AndroidManifest.xml:178:19-69
receiver#io.rong.imlib.HeartbeatReceiver
ADDED from Desktop\erhuo\AndroidManifest.xml:180:9-181:37
MERGED from [erhuo:IMKit:unspecified] AndroidManifest.xml:63:9-65:38
	android:process
		ADDED from Desktop\erhuo\AndroidManifest.xml:181:13-35
	android:name
		ADDED from Desktop\erhuo\AndroidManifest.xml:180:19-65
service#io.rong.push.core.PushRegistrationService
ADDED from Desktop\erhuo\AndroidManifest.xml:188:9-191:19
MERGED from [erhuo:IMKit:unspecified] AndroidManifest.xml:74:9-76:40
	android:exported
		ADDED from Desktop\erhuo\AndroidManifest.xml:190:13-37
	android:name
		ADDED from Desktop\erhuo\AndroidManifest.xml:189:13-69
service#io.rong.push.PushService
ADDED from Desktop\erhuo\AndroidManifest.xml:192:9-196:19
MERGED from [erhuo:IMKit:unspecified] AndroidManifest.xml:77:9-80:46
	android:process
		ADDED from Desktop\erhuo\AndroidManifest.xml:195:13-43
	android:exported
		ADDED from Desktop\erhuo\AndroidManifest.xml:194:13-37
	android:name
		ADDED from Desktop\erhuo\AndroidManifest.xml:193:13-52
service#io.rong.push.core.MessageHandleService
ADDED from Desktop\erhuo\AndroidManifest.xml:198:9-201:19
MERGED from [erhuo:IMKit:unspecified] AndroidManifest.xml:81:9-83:39
	android:exported
		ADDED from Desktop\erhuo\AndroidManifest.xml:200:13-36
	android:name
		ADDED from Desktop\erhuo\AndroidManifest.xml:199:13-66
receiver#io.rong.push.PushReceiver
ADDED from Desktop\erhuo\AndroidManifest.xml:203:9-220:20
MERGED from [erhuo:IMKit:unspecified] AndroidManifest.xml:85:9-102:20
	android:process
		ADDED from Desktop\erhuo\AndroidManifest.xml:205:13-43
	android:name
		ADDED from Desktop\erhuo\AndroidManifest.xml:204:13-53
intent-filter#io.rong.push.intent.action.HEART_BEAT
ADDED from Desktop\erhuo\AndroidManifest.xml:206:13-208:29
action#io.rong.push.intent.action.HEART_BEAT
ADDED from Desktop\erhuo\AndroidManifest.xml:207:17-80
	android:name
		ADDED from Desktop\erhuo\AndroidManifest.xml:207:25-77
intent-filter#android.net.conn.CONNECTIVITY_CHANGE
ADDED from Desktop\erhuo\AndroidManifest.xml:209:13-211:29
action#android.net.conn.CONNECTIVITY_CHANGE
ADDED from Desktop\erhuo\AndroidManifest.xml:210:17-79
	android:name
		ADDED from Desktop\erhuo\AndroidManifest.xml:210:25-76
intent-filter#android.intent.action.BOOT_COMPLETED
ADDED from Desktop\erhuo\AndroidManifest.xml:212:13-214:29
action#android.intent.action.BOOT_COMPLETED
ADDED from Desktop\erhuo\AndroidManifest.xml:213:17-79
	android:name
		ADDED from Desktop\erhuo\AndroidManifest.xml:213:25-76
intent-filter#android.intent.action.ACTION_POWER_CONNECTED+android.intent.action.ACTION_POWER_DISCONNECTED+android.intent.action.USER_PRESENT
ADDED from Desktop\erhuo\AndroidManifest.xml:215:13-219:29
action#android.intent.action.USER_PRESENT
ADDED from Desktop\erhuo\AndroidManifest.xml:216:17-77
	android:name
		ADDED from Desktop\erhuo\AndroidManifest.xml:216:25-74
action#android.intent.action.ACTION_POWER_CONNECTED
ADDED from Desktop\erhuo\AndroidManifest.xml:217:17-87
	android:name
		ADDED from Desktop\erhuo\AndroidManifest.xml:217:25-84
action#android.intent.action.ACTION_POWER_DISCONNECTED
ADDED from Desktop\erhuo\AndroidManifest.xml:218:17-90
	android:name
		ADDED from Desktop\erhuo\AndroidManifest.xml:218:25-87
uses-permission#android.permission.READ_EXTERNAL_STORAGE
ADDED from [erhuo:IMKit:unspecified] AndroidManifest.xml:5:5-80
	android:name
		ADDED from [erhuo:IMKit:unspecified] AndroidManifest.xml:5:22-77
permission#io.rong.app.permission.C2D_MESSAGE
ADDED from [erhuo:IMKit:unspecified] AndroidManifest.xml:25:5-27:47
	android:protectionLevel
		ADDED from [erhuo:IMKit:unspecified] AndroidManifest.xml:27:9-44
	android:name
		ADDED from [erhuo:IMKit:unspecified] AndroidManifest.xml:26:9-58
uses-permission#io.rong.app.permission.C2D_MESSAGE
ADDED from [erhuo:IMKit:unspecified] AndroidManifest.xml:29:5-74
	android:name
		ADDED from [erhuo:IMKit:unspecified] AndroidManifest.xml:29:22-71
permission#io.rong.app.permission.MIPUSH_RECEIVE
ADDED from [erhuo:IMKit:unspecified] AndroidManifest.xml:34:5-36:47
	android:protectionLevel
		ADDED from [erhuo:IMKit:unspecified] AndroidManifest.xml:36:9-44
	android:name
		ADDED from [erhuo:IMKit:unspecified] AndroidManifest.xml:35:9-61
uses-permission#io.rong.app.permission.MIPUSH_RECEIVE
ADDED from [erhuo:IMKit:unspecified] AndroidManifest.xml:38:5-77
	android:name
		ADDED from [erhuo:IMKit:unspecified] AndroidManifest.xml:38:22-74
activity#io.rong.imkit.activity.PictureSelectorActivity
ADDED from [erhuo:IMKit:unspecified] AndroidManifest.xml:42:9-44:52
	android:screenOrientation
		ADDED from [erhuo:IMKit:unspecified] AndroidManifest.xml:44:13-49
	android:name
		ADDED from [erhuo:IMKit:unspecified] AndroidManifest.xml:43:13-74
activity#io.rong.imkit.activity.PicturePreviewActivity
ADDED from [erhuo:IMKit:unspecified] AndroidManifest.xml:45:9-47:52
	android:screenOrientation
		ADDED from [erhuo:IMKit:unspecified] AndroidManifest.xml:47:13-49
	android:name
		ADDED from [erhuo:IMKit:unspecified] AndroidManifest.xml:46:13-73
activity#io.rong.imkit.tools.RongWebviewActivity
ADDED from [erhuo:IMKit:unspecified] AndroidManifest.xml:48:9-50:52
	android:screenOrientation
		ADDED from [erhuo:IMKit:unspecified] AndroidManifest.xml:50:13-49
	android:name
		ADDED from [erhuo:IMKit:unspecified] AndroidManifest.xml:49:13-67
activity#io.rong.imkit.widget.provider.TakingPicturesActivity
ADDED from [erhuo:IMKit:unspecified] AndroidManifest.xml:51:9-54:52
	android:screenOrientation
		ADDED from [erhuo:IMKit:unspecified] AndroidManifest.xml:54:13-49
	android:configChanges
		ADDED from [erhuo:IMKit:unspecified] AndroidManifest.xml:53:13-63
	android:name
		ADDED from [erhuo:IMKit:unspecified] AndroidManifest.xml:52:13-80
android:uses-permission#android.permission.READ_EXTERNAL_STORAGE
IMPLIED from Desktop\erhuo\AndroidManifest.xml:2:1-226:12 reason: io.rong.imkit requested WRITE_EXTERNAL_STORAGE